2023-05-24 10:17:08,242 WARNING werkzeug MainThread :  * Debugger is active!
2023-05-24 10:17:08,242 INFO werkzeug MainThread :  * Debugger PIN: 804-256-182
2023-05-24 10:18:50,347 INFO werkzeug Thread-2 : 127.0.0.1 - - [24/May/2023 10:18:50] "GET /input HTTP/1.1" 200 -
2023-05-24 10:24:33,094 INFO werkzeug MainThread :  * Detected change in 'C:\\Users\\deepe\\CourseWorkNLP\\web-deploy.py', reloading
2023-05-24 10:24:38,163 WARNING werkzeug MainThread :  * Debugger is active!
2023-05-24 10:24:38,165 INFO werkzeug MainThread :  * Debugger PIN: 804-256-182
2023-05-24 10:25:04,414 INFO werkzeug MainThread :  * Detected change in 'C:\\Users\\deepe\\CourseWorkNLP\\web-deploy.py', reloading
2023-05-24 10:25:09,472 WARNING werkzeug MainThread :  * Debugger is active!
2023-05-24 10:25:09,472 INFO werkzeug MainThread :  * Debugger PIN: 804-256-182
2023-05-24 10:25:15,069 INFO web-deploy Thread-2 : Info level log
2023-05-24 10:25:15,069 INFO werkzeug Thread-2 : 127.0.0.1 - - [24/May/2023 10:25:15] "GET / HTTP/1.1" 200 -
2023-05-24 10:33:28,207 INFO werkzeug MainThread :  * Detected change in 'C:\\Users\\deepe\\CourseWorkNLP\\web-deploy.py', reloading
2023-05-24 10:33:33,219 WARNING werkzeug MainThread :  * Debugger is active!
2023-05-24 10:33:33,219 INFO werkzeug MainThread :  * Debugger PIN: 804-256-182
2023-05-24 10:33:46,470 INFO web-deploy Thread-2 : Info level log
2023-05-24 10:33:46,484 INFO werkzeug Thread-2 : 127.0.0.1 - - [24/May/2023 10:33:46] "GET /input HTTP/1.1" 200 -
2023-05-24 10:34:46,972 INFO werkzeug MainThread :  * Detected change in 'C:\\Users\\deepe\\CourseWorkNLP\\web-deploy.py', reloading
2023-05-24 10:34:52,046 WARNING werkzeug MainThread :  * Debugger is active!
2023-05-24 10:34:52,049 INFO werkzeug MainThread :  * Debugger PIN: 804-256-182
2023-05-24 10:34:58,938 INFO web-deploy Thread-2 : <Response 7494 bytes [200 OK]>
2023-05-24 10:34:58,938 INFO werkzeug Thread-2 : 127.0.0.1 - - [24/May/2023 10:34:58] "GET /input HTTP/1.1" 200 -
2023-05-24 10:35:53,719 INFO werkzeug MainThread :  * Detected change in 'C:\\Users\\deepe\\CourseWorkNLP\\web-deploy.py', reloading
2023-05-24 10:36:38,045 INFO werkzeug MainThread : [31m[1mWARNING: This is a development server. Do not use it in a production deployment. Use a production WSGI server instead.[0m
 * Running on http://127.0.0.1:5000
2023-05-24 10:36:38,046 INFO werkzeug MainThread : [33mPress CTRL+C to quit[0m
2023-05-24 10:36:38,047 INFO werkzeug MainThread :  * Restarting with stat
2023-05-24 10:36:42,597 WARNING werkzeug MainThread :  * Debugger is active!
2023-05-24 10:36:42,600 INFO werkzeug MainThread :  * Debugger PIN: 804-256-182
2023-05-24 10:36:42,611 INFO web-deploy Thread-2 : Info level log
2023-05-24 10:36:42,612 INFO werkzeug Thread-2 : 127.0.0.1 - - [24/May/2023 10:36:42] "GET / HTTP/1.1" 200 -
2023-05-24 10:36:48,227 INFO web-deploy Thread-3 : <Response 3781 bytes [200 OK]>
2023-05-24 10:36:48,227 INFO werkzeug Thread-3 : 127.0.0.1 - - [24/May/2023 10:36:48] "GET /input HTTP/1.1" 200 -
2023-05-24 10:43:51,395 INFO werkzeug MainThread :  * Detected change in 'C:\\Users\\deepe\\CourseWorkNLP\\web-deploy.py', reloading
2023-05-24 10:43:51,987 INFO werkzeug MainThread :  * Restarting with stat
2023-05-24 10:43:56,532 WARNING werkzeug MainThread :  * Debugger is active!
2023-05-24 10:43:56,535 INFO werkzeug MainThread :  * Debugger PIN: 804-256-182
2023-05-24 10:44:43,785 INFO web-deploy Thread-2 : Info Level log: <Response 3781 bytes [200 OK]>
2023-05-24 10:44:43,785 INFO werkzeug Thread-2 : 127.0.0.1 - - [24/May/2023 10:44:43] "GET /input HTTP/1.1" 200 -
2023-05-24 10:48:40,280 INFO werkzeug MainThread :  * Detected change in 'C:\\Users\\deepe\\CourseWorkNLP\\web-deploy.py', reloading
2023-05-24 10:48:40,882 INFO werkzeug MainThread :  * Restarting with stat
2023-05-24 10:48:45,627 WARNING werkzeug MainThread :  * Debugger is active!
2023-05-24 10:48:45,627 INFO werkzeug MainThread :  * Debugger PIN: 804-256-182
2023-05-24 10:48:54,576 INFO web-deploy Thread-2 : Info Level log: <Response 3781 bytes [200 OK]>
2023-05-24 10:48:54,576 DEBUG web-deploy Thread-2 : Info Level log: <Response 3781 bytes [200 OK]>
2023-05-24 10:48:54,576 INFO werkzeug Thread-2 : 127.0.0.1 - - [24/May/2023 10:48:54] "GET /input HTTP/1.1" 200 -
2023-05-24 10:55:15,119 INFO werkzeug MainThread :  * Detected change in 'C:\\Users\\deepe\\CourseWorkNLP\\web-deploy.py', reloading
2023-05-24 10:55:15,689 INFO werkzeug MainThread :  * Restarting with stat
2023-05-24 10:55:20,381 WARNING werkzeug MainThread :  * Debugger is active!
2023-05-24 10:55:20,381 INFO werkzeug MainThread :  * Debugger PIN: 804-256-182
2023-05-24 10:55:24,642 INFO my-logger Thread-2 : Info Level log: <Response 3781 bytes [200 OK]>
2023-05-24 10:55:24,642 INFO werkzeug Thread-2 : 127.0.0.1 - - [24/May/2023 10:55:24] "GET /input HTTP/1.1" 200 -
2023-05-24 10:58:37,334 INFO werkzeug MainThread :  * Detected change in 'C:\\Users\\deepe\\CourseWorkNLP\\web-deploy.py', reloading
2023-05-24 10:58:37,956 INFO werkzeug MainThread :  * Restarting with stat
2023-05-24 10:58:42,576 WARNING werkzeug MainThread :  * Debugger is active!
2023-05-24 10:58:42,576 INFO werkzeug MainThread :  * Debugger PIN: 804-256-182
2023-05-24 10:58:48,971 INFO log-output-size Thread-2 : Info Level log: <Response 3781 bytes [200 OK]>
2023-05-24 10:58:48,971 INFO output  Thread-2 : Info Level log: "output": {"I'm feeling incredibly happy today!": 'happiness', 'The love I have for my family is unconditional and eternal.': 'love', 'Love is the foundation of strong and lasting relationships.': 'love', 'The decision left me feeling neutral; I had no strong preference.': 'disgust', 'I feel a deep sense of shame for my past mistakes.': 'shame', 'Shame can be a heavy burden to carry.': 'neutral', 'The desire for success drives me to work harder.': 'desire', 'The feeling of desire consumes me, pushing me forward.': 'sadness', 'Realizations can be life-altering and transformative.': 'neutral', 'I can feel the anticipation building up as the event draws nearer.': 'anticipation', 'The anticipation of seeing my loved ones after a long time is overwhelming.': 'anticipation', "I approve of the changes you've made; they have improved the situation.": 'approval', 'The smell coming from the garbage made me feel disgusted.': 'disgust', 'I never saw that plot twist coming; it took me by surprise.': 'surprise', 'Fear can paralyze us if we let it.': 'fear', 'The feeling of fear washes over me in dark places.': 'fear', "I'm scared of spiders, they give me the creeps.": 'fear', 'Fear can be a powerful motivator to protect ourselves.': 'approval', 'The look of surprise on her face was priceless.': 'realization', 'Surprising someone with kindness is a beautiful gesture.': 'desire', "I can't stand the taste of certain foods; they make me feel disgusted.": 'disgust', 'I wholeheartedly support and approve of your creative project.': 'approval', 'The sight of a dead animal filled me with disgust.': 'disgust', 'The thought of eating insects disgusts me.': 'disgust', "Your idea has my full approval; it's innovative and promising.": 'approval', "I'm impressed by your efforts and give you my approval.": 'desire', 'Anticipation adds an element of excitement to life.': 'anticipation', "I'm furious at the way they treated me.": 'anger', 'Anger can be a fuel for change when channeled correctly.': 'neutral', 'My blood boils with anger when I see acts of cruelty.': 'anger', "I'm annoyed and angry at myself for making that mistake.": 'anger', 'The feeling of anticipation is like a spark of electricity in the air.': 'anticipation', 'The realization of my dreams fills me with joy.': 'happiness', "I've come to a realization that I need to make a change in my life.": 'realization', 'Surprises make life more exciting and unpredictable.': 'anticipation', 'Seeing my loved ones succeed brings me pure happiness.': 'happiness', 'The feeling of anticipation before a performance is exhilarating.': 'anticipation', 'The slimy texture of the food made me feel disgusted.': 'disgust', "I'm eagerly anticipating the results of my hard work.": 'anticipation', 'The realization of the truth was difficult to accept.': 'realization', "I've come to the realization that I need to let go of the past.": 'realization', 'The feeling of shame washes over me like a wave.': 'shame', 'Shame can hinder our growth and self-acceptance.': 'realization', 'The sight of puppies always brings me joy.': 'happiness', "This news made my day, I couldn't be happier.": 'happiness', 'Relief comes when we let go of what we cannot control.': 'relief', 'I breathed a sigh of relief when everything fell into place.': 'relief', 'The loss of a loved one brings immense sadness.': 'sadness', "It's heartbreaking to see someone you care about in pain.": 'sadness', 'Rainy days often make me feel a bit melancholy.': 'sadness'}
2023-05-24 10:58:48,971 INFO werkzeug Thread-2 : 127.0.0.1 - - [24/May/2023 10:58:48] "GET /input HTTP/1.1" 200 -
2023-05-24 11:01:04,147 INFO werkzeug MainThread :  * Detected change in 'C:\\Users\\deepe\\CourseWorkNLP\\web-deploy.py', reloading
2023-05-24 11:01:04,775 INFO werkzeug MainThread :  * Restarting with stat
2023-05-24 11:01:09,242 WARNING werkzeug MainThread :  * Debugger is active!
2023-05-24 11:01:09,242 INFO werkzeug MainThread :  * Debugger PIN: 804-256-182
2023-05-24 11:01:14,913 INFO log-output-size Thread-2 : Info Level log: <Response 3781 bytes [200 OK]>
2023-05-24 11:01:14,913 INFO Input : output Thread-2 : "output": {"I'm feeling incredibly happy today!": 'happiness', 'The love I have for my family is unconditional and eternal.': 'love', 'Love is the foundation of strong and lasting relationships.': 'love', 'The decision left me feeling neutral; I had no strong preference.': 'disgust', 'I feel a deep sense of shame for my past mistakes.': 'shame', 'Shame can be a heavy burden to carry.': 'neutral', 'The desire for success drives me to work harder.': 'desire', 'The feeling of desire consumes me, pushing me forward.': 'sadness', 'Realizations can be life-altering and transformative.': 'neutral', 'I can feel the anticipation building up as the event draws nearer.': 'anticipation', 'The anticipation of seeing my loved ones after a long time is overwhelming.': 'anticipation', "I approve of the changes you've made; they have improved the situation.": 'approval', 'The smell coming from the garbage made me feel disgusted.': 'disgust', 'I never saw that plot twist coming; it took me by surprise.': 'surprise', 'Fear can paralyze us if we let it.': 'fear', 'The feeling of fear washes over me in dark places.': 'fear', "I'm scared of spiders, they give me the creeps.": 'fear', 'Fear can be a powerful motivator to protect ourselves.': 'approval', 'The look of surprise on her face was priceless.': 'realization', 'Surprising someone with kindness is a beautiful gesture.': 'desire', "I can't stand the taste of certain foods; they make me feel disgusted.": 'disgust', 'I wholeheartedly support and approve of your creative project.': 'approval', 'The sight of a dead animal filled me with disgust.': 'disgust', 'The thought of eating insects disgusts me.': 'disgust', "Your idea has my full approval; it's innovative and promising.": 'approval', "I'm impressed by your efforts and give you my approval.": 'desire', 'Anticipation adds an element of excitement to life.': 'anticipation', "I'm furious at the way they treated me.": 'anger', 'Anger can be a fuel for change when channeled correctly.': 'neutral', 'My blood boils with anger when I see acts of cruelty.': 'anger', "I'm annoyed and angry at myself for making that mistake.": 'anger', 'The feeling of anticipation is like a spark of electricity in the air.': 'anticipation', 'The realization of my dreams fills me with joy.': 'happiness', "I've come to a realization that I need to make a change in my life.": 'realization', 'Surprises make life more exciting and unpredictable.': 'anticipation', 'Seeing my loved ones succeed brings me pure happiness.': 'happiness', 'The feeling of anticipation before a performance is exhilarating.': 'anticipation', 'The slimy texture of the food made me feel disgusted.': 'disgust', "I'm eagerly anticipating the results of my hard work.": 'anticipation', 'The realization of the truth was difficult to accept.': 'realization', "I've come to the realization that I need to let go of the past.": 'realization', 'The feeling of shame washes over me like a wave.': 'shame', 'Shame can hinder our growth and self-acceptance.': 'realization', 'The sight of puppies always brings me joy.': 'happiness', "This news made my day, I couldn't be happier.": 'happiness', 'Relief comes when we let go of what we cannot control.': 'relief', 'I breathed a sigh of relief when everything fell into place.': 'relief', 'The loss of a loved one brings immense sadness.': 'sadness', "It's heartbreaking to see someone you care about in pain.": 'sadness', 'Rainy days often make me feel a bit melancholy.': 'sadness'}
2023-05-24 11:01:14,913 INFO Model Name Thread-2 : Distil-Bert-Base-Uncased-Model
2023-05-24 11:01:14,913 INFO Time Taken Thread-2 : 0.70
2023-05-24 11:01:14,913 INFO werkzeug Thread-2 : 127.0.0.1 - - [24/May/2023 11:01:14] "GET /input HTTP/1.1" 200 -
2023-05-24 11:01:49,634 INFO werkzeug MainThread :  * Detected change in 'C:\\Users\\deepe\\CourseWorkNLP\\web-deploy.py', reloading
2023-05-24 11:01:50,415 INFO werkzeug MainThread :  * Restarting with stat
2023-05-24 11:01:54,870 WARNING werkzeug MainThread :  * Debugger is active!
2023-05-24 11:01:54,872 INFO werkzeug MainThread :  * Debugger PIN: 804-256-182
2023-05-24 11:02:11,625 INFO log-output-size Thread-2 : Info Level log: <Response 3781 bytes [200 OK]>
2023-05-24 11:02:11,625 INFO Input--output Thread-2 : "output": {"I'm feeling incredibly happy today!": 'happiness', 'The love I have for my family is unconditional and eternal.': 'love', 'Love is the foundation of strong and lasting relationships.': 'love', 'The decision left me feeling neutral; I had no strong preference.': 'disgust', 'I feel a deep sense of shame for my past mistakes.': 'shame', 'Shame can be a heavy burden to carry.': 'neutral', 'The desire for success drives me to work harder.': 'desire', 'The feeling of desire consumes me, pushing me forward.': 'sadness', 'Realizations can be life-altering and transformative.': 'neutral', 'I can feel the anticipation building up as the event draws nearer.': 'anticipation', 'The anticipation of seeing my loved ones after a long time is overwhelming.': 'anticipation', "I approve of the changes you've made; they have improved the situation.": 'approval', 'The smell coming from the garbage made me feel disgusted.': 'disgust', 'I never saw that plot twist coming; it took me by surprise.': 'surprise', 'Fear can paralyze us if we let it.': 'fear', 'The feeling of fear washes over me in dark places.': 'fear', "I'm scared of spiders, they give me the creeps.": 'fear', 'Fear can be a powerful motivator to protect ourselves.': 'approval', 'The look of surprise on her face was priceless.': 'realization', 'Surprising someone with kindness is a beautiful gesture.': 'desire', "I can't stand the taste of certain foods; they make me feel disgusted.": 'disgust', 'I wholeheartedly support and approve of your creative project.': 'approval', 'The sight of a dead animal filled me with disgust.': 'disgust', 'The thought of eating insects disgusts me.': 'disgust', "Your idea has my full approval; it's innovative and promising.": 'approval', "I'm impressed by your efforts and give you my approval.": 'desire', 'Anticipation adds an element of excitement to life.': 'anticipation', "I'm furious at the way they treated me.": 'anger', 'Anger can be a fuel for change when channeled correctly.': 'neutral', 'My blood boils with anger when I see acts of cruelty.': 'anger', "I'm annoyed and angry at myself for making that mistake.": 'anger', 'The feeling of anticipation is like a spark of electricity in the air.': 'anticipation', 'The realization of my dreams fills me with joy.': 'happiness', "I've come to a realization that I need to make a change in my life.": 'realization', 'Surprises make life more exciting and unpredictable.': 'anticipation', 'Seeing my loved ones succeed brings me pure happiness.': 'happiness', 'The feeling of anticipation before a performance is exhilarating.': 'anticipation', 'The slimy texture of the food made me feel disgusted.': 'disgust', "I'm eagerly anticipating the results of my hard work.": 'anticipation', 'The realization of the truth was difficult to accept.': 'realization', "I've come to the realization that I need to let go of the past.": 'realization', 'The feeling of shame washes over me like a wave.': 'shame', 'Shame can hinder our growth and self-acceptance.': 'realization', 'The sight of puppies always brings me joy.': 'happiness', "This news made my day, I couldn't be happier.": 'happiness', 'Relief comes when we let go of what we cannot control.': 'relief', 'I breathed a sigh of relief when everything fell into place.': 'relief', 'The loss of a loved one brings immense sadness.': 'sadness', "It's heartbreaking to see someone you care about in pain.": 'sadness', 'Rainy days often make me feel a bit melancholy.': 'sadness'}
2023-05-24 11:02:11,625 INFO Model-Name Thread-2 : Distil-Bert-Base-Uncased-Model
2023-05-24 11:02:11,625 INFO Time-Taken Thread-2 : 1.05
2023-05-24 11:02:11,626 INFO werkzeug Thread-2 : 127.0.0.1 - - [24/May/2023 11:02:11] "GET /input HTTP/1.1" 200 -
2023-05-24 11:23:12,306 INFO werkzeug MainThread :  * Detected change in 'C:\\Users\\deepe\\CourseWorkNLP\\helper_file.py', reloading
2023-05-24 11:23:12,996 INFO werkzeug MainThread :  * Restarting with stat
2023-05-24 11:23:17,583 WARNING werkzeug MainThread :  * Debugger is active!
2023-05-24 11:23:17,583 INFO werkzeug MainThread :  * Debugger PIN: 804-256-182
2023-05-24 11:23:33,097 INFO werkzeug Thread-2 : 127.0.0.1 - - [24/May/2023 11:23:33] "[35m[1mGET /input HTTP/1.1[0m" 500 -
2023-05-24 11:24:23,224 INFO werkzeug MainThread :  * Detected change in 'C:\\Users\\deepe\\CourseWorkNLP\\helper_file.py', reloading
2023-05-24 11:24:23,946 INFO werkzeug MainThread :  * Restarting with stat
2023-05-24 11:24:28,619 WARNING werkzeug MainThread :  * Debugger is active!
2023-05-24 11:24:28,621 INFO werkzeug MainThread :  * Debugger PIN: 804-256-182
2023-05-24 11:24:32,213 INFO log-output-size Thread-2 : Info Level log: <Response 3781 bytes [200 OK]>
2023-05-24 11:24:32,213 INFO Input--output Thread-2 : "output": {"I'm feeling incredibly happy today!": 'happiness', 'The love I have for my family is unconditional and eternal.': 'love', 'Love is the foundation of strong and lasting relationships.': 'love', 'The decision left me feeling neutral; I had no strong preference.': 'disgust', 'I feel a deep sense of shame for my past mistakes.': 'shame', 'Shame can be a heavy burden to carry.': 'neutral', 'The desire for success drives me to work harder.': 'desire', 'The feeling of desire consumes me, pushing me forward.': 'sadness', 'Realizations can be life-altering and transformative.': 'neutral', 'I can feel the anticipation building up as the event draws nearer.': 'anticipation', 'The anticipation of seeing my loved ones after a long time is overwhelming.': 'anticipation', "I approve of the changes you've made; they have improved the situation.": 'approval', 'The smell coming from the garbage made me feel disgusted.': 'disgust', 'I never saw that plot twist coming; it took me by surprise.': 'surprise', 'Fear can paralyze us if we let it.': 'fear', 'The feeling of fear washes over me in dark places.': 'fear', "I'm scared of spiders, they give me the creeps.": 'fear', 'Fear can be a powerful motivator to protect ourselves.': 'approval', 'The look of surprise on her face was priceless.': 'realization', 'Surprising someone with kindness is a beautiful gesture.': 'desire', "I can't stand the taste of certain foods; they make me feel disgusted.": 'disgust', 'I wholeheartedly support and approve of your creative project.': 'approval', 'The sight of a dead animal filled me with disgust.': 'disgust', 'The thought of eating insects disgusts me.': 'disgust', "Your idea has my full approval; it's innovative and promising.": 'approval', "I'm impressed by your efforts and give you my approval.": 'desire', 'Anticipation adds an element of excitement to life.': 'anticipation', "I'm furious at the way they treated me.": 'anger', 'Anger can be a fuel for change when channeled correctly.': 'neutral', 'My blood boils with anger when I see acts of cruelty.': 'anger', "I'm annoyed and angry at myself for making that mistake.": 'anger', 'The feeling of anticipation is like a spark of electricity in the air.': 'anticipation', 'The realization of my dreams fills me with joy.': 'happiness', "I've come to a realization that I need to make a change in my life.": 'realization', 'Surprises make life more exciting and unpredictable.': 'anticipation', 'Seeing my loved ones succeed brings me pure happiness.': 'happiness', 'The feeling of anticipation before a performance is exhilarating.': 'anticipation', 'The slimy texture of the food made me feel disgusted.': 'disgust', "I'm eagerly anticipating the results of my hard work.": 'anticipation', 'The realization of the truth was difficult to accept.': 'realization', "I've come to the realization that I need to let go of the past.": 'realization', 'The feeling of shame washes over me like a wave.': 'shame', 'Shame can hinder our growth and self-acceptance.': 'realization', 'The sight of puppies always brings me joy.': 'happiness', "This news made my day, I couldn't be happier.": 'happiness', 'Relief comes when we let go of what we cannot control.': 'relief', 'I breathed a sigh of relief when everything fell into place.': 'relief', 'The loss of a loved one brings immense sadness.': 'sadness', "It's heartbreaking to see someone you care about in pain.": 'sadness', 'Rainy days often make me feel a bit melancholy.': 'sadness'}
2023-05-24 11:24:32,213 INFO Model-Name Thread-2 : Distil-Bert-Base-Uncased-Model
2023-05-24 11:24:32,213 INFO Time-Taken Thread-2 : 0.78
2023-05-24 11:24:32,213 INFO Hyperparameters Thread-2 : {'Dropout Rate': 0.2, 'Optimizer': 'AdaFactor', 'Epoch Runs': 30, 'Learning Rate': 0.001, 'Schedular Type': 'Linear', 'Batch Size': 16}
2023-05-24 11:24:32,213 INFO werkzeug Thread-2 : 127.0.0.1 - - [24/May/2023 11:24:32] "GET /input HTTP/1.1" 200 -
2023-05-24 11:25:32,212 INFO werkzeug MainThread :  * Detected change in 'C:\\Users\\deepe\\CourseWorkNLP\\helper_file.py', reloading
2023-05-24 11:25:32,824 INFO werkzeug MainThread :  * Restarting with stat
2023-05-24 11:25:37,539 WARNING werkzeug MainThread :  * Debugger is active!
2023-05-24 11:25:37,542 INFO werkzeug MainThread :  * Debugger PIN: 804-256-182
2023-05-24 11:44:34,716 INFO werkzeug MainThread : [31m[1mWARNING: This is a development server. Do not use it in a production deployment. Use a production WSGI server instead.[0m
 * Running on http://127.0.0.1:5000
2023-05-24 11:44:34,716 INFO werkzeug MainThread : [33mPress CTRL+C to quit[0m
